time="2021-11-19T09:08:20+05:30" level=info msg="config file not found, proceeding without it"
time="2021-11-19T09:08:20+05:30" level=info msg="certification library version 0.0.0 <commit: 46fa5bbd095366b69864edbe4718aecdb7c271e4>"
time="2021-11-19T09:08:20+05:30" level=info msg="target image: quay.io/yoza/operator-certification-operator-bundle:68ad3990be013fa05086620eb6fd5f9a417b9fa9"
time="2021-11-19T09:08:20+05:30" level=info msg="pulling image from target registry"
time="2021-11-19T09:08:22+05:30" level=debug msg="temporary directory is /var/folders/zs/rb9kxcf50f13hlk4h1_syxgr0000gn/T/preflight-3998472976"
time="2021-11-19T09:08:22+05:30" level=debug msg="exporting and flattening image"
time="2021-11-19T09:08:22+05:30" level=debug msg="extracting container filesystem to /var/folders/zs/rb9kxcf50f13hlk4h1_syxgr0000gn/T/preflight-3998472976/fs"
time="2021-11-19T09:08:22+05:30" level=debug msg="writing container filesystem to output dir/var/folders/zs/rb9kxcf50f13hlk4h1_syxgr0000gn/T/preflight-3998472976/fs"
time="2021-11-19T09:08:27+05:30" level=debug msg="fetching operator version and openshift-apiserver version [{operator 4.9.0} {openshift-apiserver 4.9.0}] from https://api.yoza-test.coreostrain.me:6443"
time="2021-11-19T09:08:27+05:30" level=info msg="executing checks"
time="2021-11-19T09:08:27+05:30" level=info msg="running check: ScorecardBasicSpecCheck"
time="2021-11-19T09:08:27+05:30" level=debug msg="Running operator-sdk scorecard check for quay.io/yoza/operator-certification-operator-bundle:68ad3990be013fa05086620eb6fd5f9a417b9fa9"
time="2021-11-19T09:08:27+05:30" level=debug msg="--selector=[test=basic-check-spec-test]"
time="2021-11-19T09:08:27+05:30" level=trace msg="running scorecard with the following invocation[operator-sdk scorecard --output json --selector=test=basic-check-spec-test --kubeconfig /Users/yoza/Desktop/openshift-cluster/auth/kubeconfig --wait-time 240s --namespace default --service-account default --config /var/folders/zs/rb9kxcf50f13hlk4h1_syxgr0000gn/T/scorecard-test-config-1990739284.yaml --verbose /var/folders/zs/rb9kxcf50f13hlk4h1_syxgr0000gn/T/preflight-3998472976/fs]"
time="2021-11-19T09:08:37+05:30" level=info msg="check completed: ScorecardBasicSpecCheck" result=PASSED
time="2021-11-19T09:08:37+05:30" level=info msg="running check: ScorecardOlmSuiteCheck"
time="2021-11-19T09:08:37+05:30" level=debug msg="Running operator-sdk scorecard Check for quay.io/yoza/operator-certification-operator-bundle:68ad3990be013fa05086620eb6fd5f9a417b9fa9"
time="2021-11-19T09:08:37+05:30" level=debug msg="--selector=[suite=olm]"
time="2021-11-19T09:08:37+05:30" level=trace msg="running scorecard with the following invocation[operator-sdk scorecard --output json --selector=suite=olm --kubeconfig /Users/yoza/Desktop/openshift-cluster/auth/kubeconfig --wait-time 240s --namespace default --service-account default --config /var/folders/zs/rb9kxcf50f13hlk4h1_syxgr0000gn/T/scorecard-test-config-2174290044.yaml --verbose /var/folders/zs/rb9kxcf50f13hlk4h1_syxgr0000gn/T/preflight-3998472976/fs]"
time="2021-11-19T09:08:43+05:30" level=info msg="check completed: ScorecardOlmSuiteCheck" result=PASSED
time="2021-11-19T09:08:43+05:30" level=info msg="running check: DeployableByOLM"
time="2021-11-19T09:08:50+05:30" level=trace msg="reading annotations file from the bundle"
time="2021-11-19T09:08:50+05:30" level=debug msg="mounted directory is /var/folders/zs/rb9kxcf50f13hlk4h1_syxgr0000gn/T/preflight-3998472976/fs"
time="2021-11-19T09:08:50+05:30" level=trace msg="searching for key (operators.operatorframework.io.bundle.channel.default.v1) in bundle"
time="2021-11-19T09:08:50+05:30" level=trace msg="bundle data: map[operators.operatorframework.io.bundle.channels.v1:alpha operators.operatorframework.io.bundle.manifests.v1:manifests/ operators.operatorframework.io.bundle.mediatype.v1:registry+v1 operators.operatorframework.io.bundle.metadata.v1:metadata/ operators.operatorframework.io.bundle.package.v1:operator-certification-operator operators.operatorframework.io.metrics.builder:operator-sdk-v1.14.0 operators.operatorframework.io.metrics.mediatype.v1:metrics+v1 operators.operatorframework.io.metrics.project_layout:go.kubebuilder.io/v3 operators.operatorframework.io.test.config.v1:tests/scorecard/ operators.operatorframework.io.test.mediatype.v1:scorecard+v1]"
time="2021-11-19T09:08:50+05:30" level=error msg="unable to extract channel name from the bundle: did not find value at the key operators.operatorframework.io.bundle.channel.default.v1 in the annotations.yaml"
time="2021-11-19T09:08:50+05:30" level=info msg="check completed: DeployableByOLM" ERROR="did not find value at the key operators.operatorframework.io.bundle.channel.default.v1 in the annotations.yaml" result="did not find value at the key operators.operatorframework.io.bundle.channel.default.v1 in the annotations.yaml"
time="2021-11-19T09:08:50+05:30" level=info msg="running check: ValidateOperatorBundle"
time="2021-11-19T09:08:50+05:30" level=trace msg="reading annotations file from the bundle"
time="2021-11-19T09:08:50+05:30" level=debug msg="mounted directory is /var/folders/zs/rb9kxcf50f13hlk4h1_syxgr0000gn/T/preflight-3998472976/fs"
time="2021-11-19T09:08:50+05:30" level=debug msg="Command being run: [operator-sdk bundle validate -b none --output json-alpha1 --select-optional name=community --select-optional name=operatorhub --verbose /var/folders/zs/rb9kxcf50f13hlk4h1_syxgr0000gn/T/preflight-3998472976/fs]"
time="2021-11-19T09:08:50+05:30" level=error msg="Error: Value : (operator-certification-operator.v0.0.0) csv.Spec.Version must be set"
time="2021-11-19T09:08:50+05:30" level=error msg="Error: Value : (operator-certification-operator.v0.0.0) csv.Spec.Icon elements should contain both data and mediatype"
time="2021-11-19T09:08:50+05:30" level=info msg="check completed: ValidateOperatorBundle" result=FAILED
time="2021-11-19T09:08:50+05:30" level=debug msg="md5 sum: 3f468516fa7448303a3ef6e2aebcf6c8"
